<?xml version="1.0" encoding="UTF-8"?>
<testng-results ignored="0" total="1" passed="1" failed="0" skipped="0">
  <reporter-output>
  </reporter-output>
  <suite started-at="2019-12-16T05:17:31Z" name="Default suite" finished-at="2019-12-16T05:17:47Z" duration-ms="16214">
    <groups>
    </groups>
    <test started-at="2019-12-16T05:17:31Z" name="Default test" finished-at="2019-12-16T05:17:47Z" duration-ms="16214">
      <class name="scrollPage.ScrollUPAndDown">
        <test-method signature="test1()[pri:0, instance:scrollPage.ScrollUPAndDown@27ce24aa]" started-at="2019-12-16T05:17:31Z" name="test1" finished-at="2019-12-16T05:17:47Z" duration-ms="16188" status="PASS">
          <reporter-output>
          </reporter-output>
        </test-method> <!-- test1 -->
      </class> <!-- scrollPage.ScrollUPAndDown -->
    </test> <!-- Default test -->
  </suite> <!-- Default suite -->
</testng-results>
