<?xml version="1.0" encoding="UTF-8"?>
<!-- Generated by org.testng.reporters.JUnitXMLReporter -->
<testsuite hostname="DESKTOP-7M048UE" ignored="0" name="Test" tests="2" failures="0" timestamp="30 Dec 2019 05:36:26 GMT" time="11.503" errors="0">
  <testcase name="@BeforeClass setup" time="0.0" classname="com.learnautomation.pages.BaseClass">
    <failure type="java.lang.NullPointerException">
      <![CDATA[java.lang.NullPointerException
	at com.learnautomation.utility.BrowserFactory.StartApplication(BrowserFactory.java:13)
	at com.learnautomation.pages.BaseClass.setup(BaseClass.java:28)
... Removed 25 stack frames]]>
    </failure>
  </testcase> <!-- @BeforeClass setup -->
  <testcase name="@AfterClass teardown" time="0.0" classname="com.learnautomation.pages.BaseClass">
    <skipped/>
  </testcase> <!-- @AfterClass teardown -->
  <testcase name="test1" time="11.479" classname="com.learnautomation.testcases.TestCaseWithoutFramework"/>
  <testcase name="loginApp" time="0.003" classname="com.learnautomation.testcases.LoginTestCRM">
    <skipped/>
  </testcase> <!-- loginApp -->
</testsuite> <!-- Test -->
